0 info it worked if it ends with ok
1 verbose cli [ '/home/goodwid/.node/bin/node',
1 verbose cli   '/home/goodwid/.node/bin/npm',
1 verbose cli   'run',
1 verbose cli   'deploy' ]
2 info using npm@3.8.6
3 info using node@v6.1.0
4 verbose run-script [ 'predeploy', 'deploy', 'postdeploy' ]
5 info lifecycle art-house-box-office-client@1.0.0~predeploy: art-house-box-office-client@1.0.0
6 silly lifecycle art-house-box-office-client@1.0.0~predeploy: no script for predeploy, continuing
7 info lifecycle art-house-box-office-client@1.0.0~deploy: art-house-box-office-client@1.0.0
8 verbose lifecycle art-house-box-office-client@1.0.0~deploy: unsafe-perm in lifecycle true
9 verbose lifecycle art-house-box-office-client@1.0.0~deploy: PATH: /home/goodwid/.node/lib/node_modules/npm/bin/node-gyp-bin:/home/goodwid/Documents/codefellows/401/labwork/box-office/client/node_modules/.bin:/home/goodwid/.node/bin:/home/goodwid/.node/bin:/home/goodwid/bin:/home/goodwid/script:/etc:/bin:/usr/bin:/usr/local/bin:/usr/local/script:/usr/bin/mh:/usr/lib/mh:/usr/games:/usr/X11/bin:/usr/local/bin/X11:/usr/X11R6/bin:/usr/local/etc:/sbin:/usr/sbin:/usr/local/sbin:
10 verbose lifecycle art-house-box-office-client@1.0.0~deploy: CWD: /home/goodwid/Documents/codefellows/401/labwork/box-office/client
11 silly lifecycle art-house-box-office-client@1.0.0~deploy: Args: [ '-c',
11 silly lifecycle   'git checkout dev && npm run build && firebase login && firebase deploy && firebase logout && git checkout dev' ]
12 silly lifecycle art-house-box-office-client@1.0.0~deploy: Returned: code: 1  signal: null
13 info lifecycle art-house-box-office-client@1.0.0~deploy: Failed to exec deploy script
14 verbose stack Error: art-house-box-office-client@1.0.0 deploy: `git checkout dev && npm run build && firebase login && firebase deploy && firebase logout && git checkout dev`
14 verbose stack Exit status 1
14 verbose stack     at EventEmitter.<anonymous> (/home/goodwid/.node/lib/node_modules/npm/lib/utils/lifecycle.js:239:16)
14 verbose stack     at emitTwo (events.js:106:13)
14 verbose stack     at EventEmitter.emit (events.js:191:7)
14 verbose stack     at ChildProcess.<anonymous> (/home/goodwid/.node/lib/node_modules/npm/lib/utils/spawn.js:24:14)
14 verbose stack     at emitTwo (events.js:106:13)
14 verbose stack     at ChildProcess.emit (events.js:191:7)
14 verbose stack     at maybeClose (internal/child_process.js:850:16)
14 verbose stack     at Process.ChildProcess._handle.onexit (internal/child_process.js:215:5)
15 verbose pkgid art-house-box-office-client@1.0.0
16 verbose cwd /home/goodwid/Documents/codefellows/401/labwork/box-office/client
17 error Linux 4.4.0-040400-generic
18 error argv "/home/goodwid/.node/bin/node" "/home/goodwid/.node/bin/npm" "run" "deploy"
19 error node v6.1.0
20 error npm  v3.8.6
21 error code ELIFECYCLE
22 error art-house-box-office-client@1.0.0 deploy: `git checkout dev && npm run build && firebase login && firebase deploy && firebase logout && git checkout dev`
22 error Exit status 1
23 error Failed at the art-house-box-office-client@1.0.0 deploy script 'git checkout dev && npm run build && firebase login && firebase deploy && firebase logout && git checkout dev'.
23 error Make sure you have the latest version of node.js and npm installed.
23 error If you do, this is most likely a problem with the art-house-box-office-client package,
23 error not with npm itself.
23 error Tell the author that this fails on your system:
23 error     git checkout dev && npm run build && firebase login && firebase deploy && firebase logout && git checkout dev
23 error You can get information on how to open an issue for this project with:
23 error     npm bugs art-house-box-office-client
23 error Or if that isn't available, you can get their info via:
23 error     npm owner ls art-house-box-office-client
23 error There is likely additional logging output above.
24 verbose exit [ 1, true ]
